warning: Git tree '/home/zhenyu/.local/src/public/nixos' is dirty
building the system configuration...
warning: Git tree '/home/zhenyu/.local/src/public/nixos' is dirty
these 31 derivations will be built:
  /nix/store/1qhw2wvc0rc157xqn4k312713zx5gxq2-etc-nix-registry.json.drv
  /nix/store/3q7vd2nqzvhamwlr2ny6pkamwzq8jqj1-nixos-help.drv
  /nix/store/476mx1indjkhcf14cf7cz7wviqw055i6-nixos-help.drv
  /nix/store/476xajlgrkmqxx2nj74vng0n69wbgbla-discord-0.0.50.tar.gz.drv
  /nix/store/q9fn9z7p3y1hniza5prp19qpw9vm1c52-texlive-combined-medium-2023-final.drv
  /nix/store/xm96kncc6awsaag9y3icp3g96b66xb2k-nixos-version.drv
  /nix/store/pd2cfxxwcap0129prsk6l6a596dxmz3v-system-path.drv
  /nix/store/74cdpxbj2k2sfh64ca6gz3ac9hgk5x0c-dbus-1.drv
  /nix/store/m0szvbpn07m25h3nla99vfrhv8ak7cwm-X-Restart-Triggers-dbus-broker.drv
  /nix/store/6fs9frlqbyw3njdaqinidcrkyajafcrc-unit-dbus-broker.service.drv
  /nix/store/fyshh0l1085ks71r1165h4ga5643jnpj-X-Restart-Triggers-polkit.drv
  /nix/store/bksivayff6x3s92aaqgj8asggzxixr9k-unit-polkit.service.drv
  /nix/store/x8j23kjsjr1yrbpk4l8dfxb6i4vgg74g-etc-os-release.drv
  /nix/store/z9g2yky00vgbll5kl6476r7j94b09r3c-shutdown-ramfs-contents.drv
  /nix/store/gzw2wv9835w39mcwgg1mbn14c9qsk4zj-unit-generate-shutdown-ramfs.service.drv
  /nix/store/j8xsm5c12hfkfrsdk2yr9rfr5h4mbyqp-unit-accounts-daemon.service.drv
  /nix/store/k1zz4r4pp53801g2zvd203bq9mnrflsa-unit-dbus-broker.service.drv
  /nix/store/77132njdw771ndr0y9wlncz2w0i59dii-system-units.drv
  /nix/store/bvdc787a6a3b5z7451ysipb1z5rzqhzd-system-shutdown.drv
  /nix/store/cig2pj760y0ca9xcbcc87lnfrxjl29sh-set-environment.drv
  /nix/store/cjw9f7lc6izsjvpr450i7q7vw7lac861-user-units.drv
  /nix/store/hnypx50pvzka0pacyyh8j3dsy4d6a2dn-etc-pam-environment.drv
  /nix/store/lhl21r6wmwnz054b2niidiylng29i497-etc-zshenv.drv
  /nix/store/smld9syxwv195zywfvxa27z4ygi0ydjb-discord-0.0.50.drv
  /nix/store/lwh4pv796vbsik7xwmc0qmcqa2mbwflw-user-environment.drv
  /nix/store/pra6dyfbz804hnawbs0im3z2hx8ry4j7-issue.drv
  /nix/store/xlf70wb7q144ha60k26qfda96xcyckp1-system-generators.drv
  /nix/store/xyvxw3whxiic1zqbq3vl4cp6w97g0hm5-etc-profile.drv
  /nix/store/d9pvia9f32aqjz2cm88fmfpb6mv43cy7-etc.drv
  /nix/store/r1hns5rkxrd4w26s16jkf14za1izvr76-boot.json.drv
  /nix/store/9fincyglhc5vg4wx83gpbxmgikkp3xxq-nixos-system-nixuse-24.05.20240423.572af61.drv
these 17 paths will be fetched (71.44 MiB download, 300.94 MiB unpacked):
  /nix/store/6vp4334j8xz1ad3fv2yplcgmlw5l22ml-asymptote-2.88
  /nix/store/ydmw2r80cy78hhq5h4h2g4zavd80014y-asymptote-2.88
  /nix/store/n6gwdfc2r83i4bi89ln8q3yjnjvqw2bs-dbus-broker-36
  /nix/store/yby3n154yi1jw74d1dj9vq8kancl64d2-firefox-125.0.2
  /nix/store/g8lgk7s6lip5sm5g44bqfar18qr82hym-firefox-unwrapped-125.0.2
  /nix/store/0pzkskb3r2l3ap58qgvmj5sidj60g3vr-gnome-shell-extension-paperwm-100
  /nix/store/011wqpi4bnmk8lc899vg3rpc65aqwadm-gnome-shell-extension-tiling-assistant-47
  /nix/store/9di76da9dlcvfbvj15jlah32wz0wm8v7-mirrors-list
  /nix/store/lj3jjw9lcxyxhnsc81dw7vpc695f1g0i-neofetch-unstable-2021-12-10
  /nix/store/asd7cdglsv100p8h1h58jgr1wa702ps7-neofetch-unstable-2021-12-10-man
  /nix/store/dr53sp25hyfsnzjpm8mh3r3y36vrw3ng-neovim-0.9.5
  /nix/store/dhsdrl6a53cmmvh9j81cib17c49ikg63-nixos-configuration-reference-manpage
  /nix/store/smg0vhjds95i3ni1cyvpq9lv9szaxc7f-nixos-manual-html
  /nix/store/0xjw7ryjbjsrj27rdj223cwa21qwbs5j-wireplumber-0.5.2
  /nix/store/595x3g9l89zn76wl5d5vi49fy0fylsl8-wireplumber-0.5.2-doc
  /nix/store/2903hr8lwkcpjwbkb4pzzff2vnrym8s4-xindy-2.5.1
  /nix/store/33bkca4f2x9k0vs2m7ihfhbjha02nmly-xindy-2.5.1
copying path '/nix/store/0pzkskb3r2l3ap58qgvmj5sidj60g3vr-gnome-shell-extension-paperwm-100' from 'https://cache.nixos.org'...
copying path '/nix/store/011wqpi4bnmk8lc899vg3rpc65aqwadm-gnome-shell-extension-tiling-assistant-47' from 'https://cache.nixos.org'...
copying path '/nix/store/asd7cdglsv100p8h1h58jgr1wa702ps7-neofetch-unstable-2021-12-10-man' from 'https://cache.nixos.org'...
copying path '/nix/store/dhsdrl6a53cmmvh9j81cib17c49ikg63-nixos-configuration-reference-manpage' from 'https://cache.nixos.org'...
copying path '/nix/store/smg0vhjds95i3ni1cyvpq9lv9szaxc7f-nixos-manual-html' from 'https://cache.nixos.org'...
copying path '/nix/store/595x3g9l89zn76wl5d5vi49fy0fylsl8-wireplumber-0.5.2-doc' from 'https://cache.nixos.org'...
building '/nix/store/r1hns5rkxrd4w26s16jkf14za1izvr76-boot.json.drv'...
copying path '/nix/store/n6gwdfc2r83i4bi89ln8q3yjnjvqw2bs-dbus-broker-36' from 'https://cache.nixos.org'...
copying path '/nix/store/dr53sp25hyfsnzjpm8mh3r3y36vrw3ng-neovim-0.9.5' from 'https://cache.nixos.org'...
copying path '/nix/store/lj3jjw9lcxyxhnsc81dw7vpc695f1g0i-neofetch-unstable-2021-12-10' from 'https://cache.nixos.org'...
copying path '/nix/store/0xjw7ryjbjsrj27rdj223cwa21qwbs5j-wireplumber-0.5.2' from 'https://cache.nixos.org'...
building '/nix/store/1qhw2wvc0rc157xqn4k312713zx5gxq2-etc-nix-registry.json.drv'...
building '/nix/store/x8j23kjsjr1yrbpk4l8dfxb6i4vgg74g-etc-os-release.drv'...
building '/nix/store/pra6dyfbz804hnawbs0im3z2hx8ry4j7-issue.drv'...
building '/nix/store/xm96kncc6awsaag9y3icp3g96b66xb2k-nixos-version.drv'...
copying path '/nix/store/ydmw2r80cy78hhq5h4h2g4zavd80014y-asymptote-2.88' from 'https://cache.nixos.org'...
copying path '/nix/store/33bkca4f2x9k0vs2m7ihfhbjha02nmly-xindy-2.5.1' from 'https://cache.nixos.org'...
copying path '/nix/store/g8lgk7s6lip5sm5g44bqfar18qr82hym-firefox-unwrapped-125.0.2' from 'https://cache.nixos.org'...
copying path '/nix/store/9di76da9dlcvfbvj15jlah32wz0wm8v7-mirrors-list' from 'https://cache.nixos.org'...
building '/nix/store/z9g2yky00vgbll5kl6476r7j94b09r3c-shutdown-ramfs-contents.drv'...
building '/nix/store/gzw2wv9835w39mcwgg1mbn14c9qsk4zj-unit-generate-shutdown-ramfs.service.drv'...
building '/nix/store/476xajlgrkmqxx2nj74vng0n69wbgbla-discord-0.0.50.tar.gz.drv'...
building '/nix/store/3q7vd2nqzvhamwlr2ny6pkamwzq8jqj1-nixos-help.drv'...
building '/nix/store/476mx1indjkhcf14cf7cz7wviqw055i6-nixos-help.drv'...
copying path '/nix/store/2903hr8lwkcpjwbkb4pzzff2vnrym8s4-xindy-2.5.1' from 'https://cache.nixos.org'...
building '/nix/store/xlf70wb7q144ha60k26qfda96xcyckp1-system-generators.drv'...
building '/nix/store/bvdc787a6a3b5z7451ysipb1z5rzqhzd-system-shutdown.drv'...
copying path '/nix/store/6vp4334j8xz1ad3fv2yplcgmlw5l22ml-asymptote-2.88' from 'https://cache.nixos.org'...
building '/nix/store/q9fn9z7p3y1hniza5prp19qpw9vm1c52-texlive-combined-medium-2023-final.drv'...
copying path '/nix/store/yby3n154yi1jw74d1dj9vq8kancl64d2-firefox-125.0.2' from 'https://cache.nixos.org'...
building '/nix/store/smld9syxwv195zywfvxa27z4ygi0ydjb-discord-0.0.50.drv'...
building '/nix/store/lwh4pv796vbsik7xwmc0qmcqa2mbwflw-user-environment.drv'...
building '/nix/store/pd2cfxxwcap0129prsk6l6a596dxmz3v-system-path.drv'...
building '/nix/store/fyshh0l1085ks71r1165h4ga5643jnpj-X-Restart-Triggers-polkit.drv'...
building '/nix/store/74cdpxbj2k2sfh64ca6gz3ac9hgk5x0c-dbus-1.drv'...
building '/nix/store/hnypx50pvzka0pacyyh8j3dsy4d6a2dn-etc-pam-environment.drv'...
building '/nix/store/cig2pj760y0ca9xcbcc87lnfrxjl29sh-set-environment.drv'...
building '/nix/store/j8xsm5c12hfkfrsdk2yr9rfr5h4mbyqp-unit-accounts-daemon.service.drv'...
building '/nix/store/m0szvbpn07m25h3nla99vfrhv8ak7cwm-X-Restart-Triggers-dbus-broker.drv'...
building '/nix/store/xyvxw3whxiic1zqbq3vl4cp6w97g0hm5-etc-profile.drv'...
building '/nix/store/lhl21r6wmwnz054b2niidiylng29i497-etc-zshenv.drv'...
building '/nix/store/bksivayff6x3s92aaqgj8asggzxixr9k-unit-polkit.service.drv'...
building '/nix/store/6fs9frlqbyw3njdaqinidcrkyajafcrc-unit-dbus-broker.service.drv'...
building '/nix/store/k1zz4r4pp53801g2zvd203bq9mnrflsa-unit-dbus-broker.service.drv'...
building '/nix/store/cjw9f7lc6izsjvpr450i7q7vw7lac861-user-units.drv'...
building '/nix/store/77132njdw771ndr0y9wlncz2w0i59dii-system-units.drv'...
building '/nix/store/d9pvia9f32aqjz2cm88fmfpb6mv43cy7-etc.drv'...
building '/nix/store/9fincyglhc5vg4wx83gpbxmgikkp3xxq-nixos-system-nixuse-24.05.20240423.572af61.drv'...
stopping the following units: accounts-daemon.service
activating the configuration...
reloading user units for zhenyu...
restarting sysinit-reactivation.target
reloading the following units: dbus-broker.service
restarting the following units: polkit.service
starting the following units: accounts-daemon.service
